<?xml version="1.0" encoding="UTF-8"?>
<testng-results ignored="0" total="2" passed="2" failed="0" skipped="0">
  <reporter-output>
  </reporter-output>
  <suite started-at="2025-07-16T12:26:27 CEST" name="user" finished-at="2025-07-16T12:26:50 CEST" duration-ms="23497">
    <groups>
    </groups>
    <test started-at="2025-07-16T12:26:27 CEST" name="user" finished-at="2025-07-16T12:26:50 CEST" duration-ms="23497">
      <class name="com.demoqa.test.LoginTest">
        <test-method is-config="true" signature="init(java.lang.reflect.Method)[pri:0, instance:com.demoqa.test.LoginTest@51f116b8]" started-at="2025-07-16T12:26:27 CEST" name="init" finished-at="2025-07-16T12:26:36 CEST" duration-ms="9320" status="PASS">
          <params>
            <param index="0">
              <value>
                <![CDATA[public void com.demoqa.test.LoginTest.loginPositiveTest()]]>
              </value>
            </param>
          </params>
          <reporter-output>
          </reporter-output>
        </test-method> <!-- init -->
        <test-method is-config="true" signature="precondition()[pri:0, instance:com.demoqa.test.LoginTest@51f116b8]" started-at="2025-07-16T12:26:36 CEST" name="precondition" finished-at="2025-07-16T12:26:37 CEST" duration-ms="660" status="PASS">
          <reporter-output>
          </reporter-output>
        </test-method> <!-- precondition -->
        <test-method signature="loginPositiveTest()[pri:0, instance:com.demoqa.test.LoginTest@51f116b8]" started-at="2025-07-16T12:26:37 CEST" name="loginPositiveTest" finished-at="2025-07-16T12:26:40 CEST" duration-ms="2954" status="PASS">
          <reporter-output>
          </reporter-output>
        </test-method> <!-- loginPositiveTest -->
        <test-method is-config="true" signature="tearDown(org.testng.ITestResult)[pri:0, instance:com.demoqa.test.LoginTest@51f116b8]" started-at="2025-07-16T12:26:40 CEST" name="tearDown" finished-at="2025-07-16T12:26:40 CEST" duration-ms="915" status="PASS">
          <params>
            <param index="0">
              <value>
                <![CDATA[[TestResult name=loginPositiveTest status=SUCCESS method=LoginTest.loginPositiveTest()[pri:0, instance:com.demoqa.test.LoginTest@51f116b8] output={null}]]]>
              </value>
            </param>
          </params>
          <reporter-output>
          </reporter-output>
        </test-method> <!-- tearDown -->
      </class> <!-- com.demoqa.test.LoginTest -->
      <class name="com.demoqa.test.SearchBookTests">
        <test-method is-config="true" signature="init(java.lang.reflect.Method)[pri:0, instance:com.demoqa.test.SearchBookTests@d29f28]" started-at="2025-07-16T12:26:40 CEST" name="init" finished-at="2025-07-16T12:26:48 CEST" duration-ms="7649" status="PASS">
          <params>
            <param index="0">
              <value>
                <![CDATA[public void com.demoqa.test.SearchBookTests.searchBookPositiveTest()]]>
              </value>
            </param>
          </params>
          <reporter-output>
          </reporter-output>
        </test-method> <!-- init -->
        <test-method is-config="true" signature="precondition()[pri:0, instance:com.demoqa.test.SearchBookTests@d29f28]" started-at="2025-07-16T12:26:48 CEST" name="precondition" finished-at="2025-07-16T12:26:48 CEST" duration-ms="377" status="PASS">
          <reporter-output>
          </reporter-output>
        </test-method> <!-- precondition -->
        <test-method signature="searchBookPositiveTest()[pri:0, instance:com.demoqa.test.SearchBookTests@d29f28]" started-at="2025-07-16T12:26:48 CEST" name="searchBookPositiveTest" finished-at="2025-07-16T12:26:49 CEST" duration-ms="514" status="PASS">
          <reporter-output>
          </reporter-output>
        </test-method> <!-- searchBookPositiveTest -->
        <test-method is-config="true" signature="tearDown(org.testng.ITestResult)[pri:0, instance:com.demoqa.test.SearchBookTests@d29f28]" started-at="2025-07-16T12:26:49 CEST" name="tearDown" finished-at="2025-07-16T12:26:50 CEST" duration-ms="1060" status="PASS">
          <params>
            <param index="0">
              <value>
                <![CDATA[[TestResult name=searchBookPositiveTest status=SUCCESS method=SearchBookTests.searchBookPositiveTest()[pri:0, instance:com.demoqa.test.SearchBookTests@d29f28] output={null}]]]>
              </value>
            </param>
          </params>
          <reporter-output>
          </reporter-output>
        </test-method> <!-- tearDown -->
      </class> <!-- com.demoqa.test.SearchBookTests -->
    </test> <!-- user -->
  </suite> <!-- user -->
</testng-results>
